0 info it worked if it ends with ok
1 verbose cli [ '/usr/local/bin/node', '/usr/local/bin/npm', 'start' ]
2 info using npm@1.4.3
3 info using node@v0.10.26
4 verbose run-script [ 'prestart', 'start', 'poststart' ]
5 info prestart teach.mozilla.org@0.0.23
6 verbose unsafe-perm in lifecycle true
7 info start teach.mozilla.org@0.0.23
8 verbose unsafe-perm in lifecycle true
9 info teach.mozilla.org@0.0.23 Failed to exec start script
10 error teach.mozilla.org@0.0.23 start: `gulp watch`
10 error Exit status 8
11 error Failed at the teach.mozilla.org@0.0.23 start script.
11 error This is most likely a problem with the teach.mozilla.org package,
11 error not with npm itself.
11 error Tell the author that this fails on your system:
11 error     gulp watch
11 error You can get their info via:
11 error     npm owner ls teach.mozilla.org
11 error There is likely additional logging output above.
12 error System Linux 3.13.0-29-generic
13 error command "/usr/local/bin/node" "/usr/local/bin/npm" "start"
14 error cwd /home/umasas2002/teach.mozilla.org
15 error node -v v0.10.26
16 error npm -v 1.4.3
17 error code ELIFECYCLE
18 verbose exit [ 1, true ]
